<?xml version="1.0" encoding="UTF-8" ?>
<testsuite tests="178" failures="0" name="org.springframework.data.jpa.repository.UserRepositoryTests" time="3.751" errors="0" skipped="1">
  <properties>
    <property name="java.runtime.name" value="OpenJDK Runtime Environment"/>
    <property name="sun.boot.library.path" value="/usr/lib/jvm/java-8-openjdk-amd64/jre/lib/amd64"/>
    <property name="java.vm.version" value="25.151-b12"/>
    <property name="java.vm.vendor" value="Oracle Corporation"/>
    <property name="maven.multiModuleProjectDirectory" value="/home/pimp-of-pimps/projects/search/server/test2"/>
    <property name="java.vendor.url" value="http://java.oracle.com/"/>
    <property name="path.separator" value=":"/>
    <property name="guice.disable.misplaced.annotation.check" value="true"/>
    <property name="java.vm.name" value="OpenJDK 64-Bit Server VM"/>
    <property name="file.encoding.pkg" value="sun.io"/>
    <property name="user.country" value="US"/>
    <property name="sun.java.launcher" value="SUN_STANDARD"/>
    <property name="sun.os.patch.level" value="unknown"/>
    <property name="java.vm.specification.name" value="Java Virtual Machine Specification"/>
    <property name="user.dir" value="/home/pimp-of-pimps/projects/search/server/test2"/>
    <property name="java.runtime.version" value="1.8.0_151-8u151-b12-0ubuntu0.16.04.2-b12"/>
    <property name="java.awt.graphicsenv" value="sun.awt.X11GraphicsEnvironment"/>
    <property name="java.endorsed.dirs" value="/usr/lib/jvm/java-8-openjdk-amd64/jre/lib/endorsed"/>
    <property name="os.arch" value="amd64"/>
    <property name="java.io.tmpdir" value="/tmp"/>
    <property name="line.separator" value="
"/>
    <property name="java.vm.specification.vendor" value="Oracle Corporation"/>
    <property name="os.name" value="Linux"/>
    <property name="classworlds.conf" value="/usr/share/maven/bin/m2.conf"/>
    <property name="sun.jnu.encoding" value="UTF-8"/>
    <property name="java.library.path" value="/usr/java/packages/lib/amd64:/usr/lib/x86_64-linux-gnu/jni:/lib/x86_64-linux-gnu:/usr/lib/x86_64-linux-gnu:/usr/lib/jni:/lib:/usr/lib"/>
    <property name="java.specification.name" value="Java Platform API Specification"/>
    <property name="java.class.version" value="52.0"/>
    <property name="sun.management.compiler" value="HotSpot 64-Bit Tiered Compilers"/>
    <property name="os.version" value="4.13.0-36-generic"/>
    <property name="user.home" value="/home/pimp-of-pimps"/>
    <property name="user.timezone" value="Atlantic/Reykjavik"/>
    <property name="java.awt.printerjob" value="sun.print.PSPrinterJob"/>
    <property name="file.encoding" value="UTF-8"/>
    <property name="java.specification.version" value="1.8"/>
    <property name="user.name" value="pimp-of-pimps"/>
    <property name="java.class.path" value="/usr/share/maven/boot/plexus-classworlds-2.x.jar"/>
    <property name="java.vm.specification.version" value="1.8"/>
    <property name="sun.arch.data.model" value="64"/>
    <property name="java.home" value="/usr/lib/jvm/java-8-openjdk-amd64/jre"/>
    <property name="sun.java.command" value="org.codehaus.plexus.classworlds.launcher.Launcher install"/>
    <property name="java.specification.vendor" value="Oracle Corporation"/>
    <property name="user.language" value="en"/>
    <property name="awt.toolkit" value="sun.awt.X11.XToolkit"/>
    <property name="java.vm.info" value="mixed mode"/>
    <property name="java.version" value="1.8.0_151"/>
    <property name="java.ext.dirs" value="/usr/lib/jvm/java-8-openjdk-amd64/jre/lib/ext:/usr/java/packages/lib/ext"/>
    <property name="securerandom.source" value="file:/dev/./urandom"/>
    <property name="sun.boot.class.path" value="/usr/lib/jvm/java-8-openjdk-amd64/jre/lib/resources.jar:/usr/lib/jvm/java-8-openjdk-amd64/jre/lib/rt.jar:/usr/lib/jvm/java-8-openjdk-amd64/jre/lib/sunrsasign.jar:/usr/lib/jvm/java-8-openjdk-amd64/jre/lib/jsse.jar:/usr/lib/jvm/java-8-openjdk-amd64/jre/lib/jce.jar:/usr/lib/jvm/java-8-openjdk-amd64/jre/lib/charsets.jar:/usr/lib/jvm/java-8-openjdk-amd64/jre/lib/jfr.jar:/usr/lib/jvm/java-8-openjdk-amd64/jre/classes"/>
    <property name="java.vendor" value="Oracle Corporation"/>
    <property name="maven.home" value="/usr/share/maven"/>
    <property name="file.separator" value="/"/>
    <property name="java.vendor.url.bug" value="http://bugreport.sun.com/bugreport/"/>
    <property name="sun.cpu.endian" value="little"/>
    <property name="sun.io.unicode.encoding" value="UnicodeLittle"/>
    <property name="sun.cpu.isalist" value=""/>
  </properties>
  <testcase classname="org.springframework.data.jpa.repository.UserRepositoryTests" name="executesCombinedSpecificationsCorrectly" time="0.045"/>
  <testcase classname="org.springframework.data.jpa.repository.UserRepositoryTests" name="bindsSortingToOuterJoinCorrectly" time="0.032"/>
  <testcase classname="org.springframework.data.jpa.repository.UserRepositoryTests" name="executeNativeQueryWithPage" time="0.031"/>
  <testcase classname="org.springframework.data.jpa.repository.UserRepositoryTests" name="dynamicProjectionReturningStream" time="0.022"/>
  <testcase classname="org.springframework.data.jpa.repository.UserRepositoryTests" name="testCascadesPersisting" time="0.024"/>
  <testcase classname="org.springframework.data.jpa.repository.UserRepositoryTests" name="deletesAUserById" time="0.025"/>
  <testcase classname="org.springframework.data.jpa.repository.UserRepositoryTests" name="executesPagedSpecificationSettingAnOrder" time="0.026"/>
  <testcase classname="org.springframework.data.jpa.repository.UserRepositoryTests" name="deleteByShouldReturnListOfDeletedElementsWhenRetunTypeIsCollectionLike" time="0.022"/>
  <testcase classname="org.springframework.data.jpa.repository.UserRepositoryTests" name="find3YoungestUsersPageableWithPageSize2" time="0.03"/>
  <testcase classname="org.springframework.data.jpa.repository.UserRepositoryTests" name="findByEmptyArrayOfIntegers" time="0.027"/>
  <testcase classname="org.springframework.data.jpa.repository.UserRepositoryTests" name="executesFinderWithAfterKeywordCorrectly" time="0.021"/>
  <testcase classname="org.springframework.data.jpa.repository.UserRepositoryTests" name="sortByAssociationPropertyInPageableShouldUseLeftOuterJoin" time="0.024"/>
  <testcase classname="org.springframework.data.jpa.repository.UserRepositoryTests" name="find3YoungestUsersPageableWithPageSize2Sliced" time="0.023"/>
  <testcase classname="org.springframework.data.jpa.repository.UserRepositoryTests" name="shouldFindUsersInNativeQueryWithPagination" time="0.039"/>
  <testcase classname="org.springframework.data.jpa.repository.UserRepositoryTests" name="executesPagedSpecificationsWithSortCorrectly" time="0.024"/>
  <testcase classname="org.springframework.data.jpa.repository.UserRepositoryTests" name="shouldfindUsersByFirstnameForSpELExpressionWithParameterNameVariableReference" time="0.02"/>
  <testcase classname="org.springframework.data.jpa.repository.UserRepositoryTests" name="throwsExceptionForUnderSpecifiedSingleEntitySpecification" time="0.021"/>
  <testcase classname="org.springframework.data.jpa.repository.UserRepositoryTests" name="findBinaryDataByIdJpaQl" time="0.021">
    <skipped/>
  </testcase>
  <testcase classname="org.springframework.data.jpa.repository.UserRepositoryTests" name="invokesQueryWithVarargsParametersCorrectly" time="0.026"/>
  <testcase classname="org.springframework.data.jpa.repository.UserRepositoryTests" name="deleteByShouldReturnZeroInCaseNoEntityHasBeenRemovedAndReturnTypeIsNumber" time="0.019"/>
  <testcase classname="org.springframework.data.jpa.repository.UserRepositoryTests" name="findByAgeWithEmptyArrayOfIntegersOrFirstName" time="0.021"/>
  <testcase classname="org.springframework.data.jpa.repository.UserRepositoryTests" name="sortByAssociationPropertyShouldUseLeftOuterJoin" time="0.021"/>
  <testcase classname="org.springframework.data.jpa.repository.UserRepositoryTests" name="testCreation" time="0.021"/>
  <testcase classname="org.springframework.data.jpa.repository.UserRepositoryTests" name="duplicateSpelsWorkAsIntended" time="0.022"/>
  <testcase classname="org.springframework.data.jpa.repository.UserRepositoryTests" name="executesPagedSpecificationsCorrectly" time="0.02"/>
  <testcase classname="org.springframework.data.jpa.repository.UserRepositoryTests" name="shouldFindUsersByFirstnameAsStringAndUserLastnameAsSpELExpressionInStringBasedQuery" time="0.021"/>
  <testcase classname="org.springframework.data.jpa.repository.UserRepositoryTests" name="shouldFindCurrentUserWithCustomQueryDependingOnSecurityContext" time="0.021"/>
  <testcase classname="org.springframework.data.jpa.repository.UserRepositoryTests" name="existReturnsWhetherAnEntityCanBeLoaded" time="0.019"/>
  <testcase classname="org.springframework.data.jpa.repository.UserRepositoryTests" name="findAllByExampleWithEmptyProbe" time="0.02"/>
  <testcase classname="org.springframework.data.jpa.repository.UserRepositoryTests" name="readsPageWithGroupByClauseCorrectly" time="0.021"/>
  <testcase classname="org.springframework.data.jpa.repository.UserRepositoryTests" name="doesNotDropNullValuesOnPagedSpecificationExecution" time="0.025"/>
  <testcase classname="org.springframework.data.jpa.repository.UserRepositoryTests" name="shouldGenerateLeftOuterJoinInfindAllWithPaginationAndSortOnNestedPropertyPath" time="0.025"/>
  <testcase classname="org.springframework.data.jpa.repository.UserRepositoryTests" name="testReadByIdReturnsNullForNotFoundEntities" time="0.019"/>
  <testcase classname="org.springframework.data.jpa.repository.UserRepositoryTests" name="allowsExecutingPageableMethodWithUnpagedArgument" time="0.026"/>
  <testcase classname="org.springframework.data.jpa.repository.UserRepositoryTests" name="executesAnnotatedCollectionMethodCorrectly" time="0.021"/>
  <testcase classname="org.springframework.data.jpa.repository.UserRepositoryTests" name="findAllByNullExample" time="0.013"/>
  <testcase classname="org.springframework.data.jpa.repository.UserRepositoryTests" name="sortByNestedAssociationPropertyWithSortOrderIgnoreCaseInPageable" time="0.025"/>
  <testcase classname="org.springframework.data.jpa.repository.UserRepositoryTests" name="deleteColletionOfEntities" time="0.023"/>
  <testcase classname="org.springframework.data.jpa.repository.UserRepositoryTests" name="executesDerivedCountQueryToInt" time="0.02"/>
  <testcase classname="org.springframework.data.jpa.repository.UserRepositoryTests" name="findAllByExampleWithSort" time="0.023"/>
  <testcase classname="org.springframework.data.jpa.repository.UserRepositoryTests" name="testUsesQueryAnnotation" time="0.013"/>
  <testcase classname="org.springframework.data.jpa.repository.UserRepositoryTests" name="findAllByUntypedExampleShouldReturnSubTypesOfRepositoryEntity" time="0.02"/>
  <testcase classname="org.springframework.data.jpa.repository.UserRepositoryTests" name="deleteByShouldRemoveElementsMatchingDerivedQuery" time="0.024"/>
  <testcase classname="org.springframework.data.jpa.repository.UserRepositoryTests" name="executesFinderWithTrueKeywordCorrectly" time="0.022"/>
  <testcase classname="org.springframework.data.jpa.repository.UserRepositoryTests" name="pageableQueryReportsTotalFromResult" time="0.02"/>
  <testcase classname="org.springframework.data.jpa.repository.UserRepositoryTests" name="testFindByLastname" time="0.019"/>
  <testcase classname="org.springframework.data.jpa.repository.UserRepositoryTests" name="testRead" time="0.016"/>
  <testcase classname="org.springframework.data.jpa.repository.UserRepositoryTests" name="testOverwritingFinder" time="0.013"/>
  <testcase classname="org.springframework.data.jpa.repository.UserRepositoryTests" name="executesLessThatOrEqualQueriesCorrectly" time="0.018"/>
  <testcase classname="org.springframework.data.jpa.repository.UserRepositoryTests" name="findBinaryDataByIdNative" time="0.023"/>
  <testcase classname="org.springframework.data.jpa.repository.UserRepositoryTests" name="executesFinderWithEndingWithCorrectly" time="0.018"/>
  <testcase classname="org.springframework.data.jpa.repository.UserRepositoryTests" name="executesManualQueryWithNamedLikeExpressionCorrectly" time="0.019"/>
  <testcase classname="org.springframework.data.jpa.repository.UserRepositoryTests" name="testExecutionOfProjectingMethod" time="0.021"/>
  <testcase classname="org.springframework.data.jpa.repository.UserRepositoryTests" name="findOneByExampleWithExcludedAttributes" time="0.02"/>
  <testcase classname="org.springframework.data.jpa.repository.UserRepositoryTests" name="findAllByExampleWithStringMatcherAndIgnoreCase" time="0.023"/>
  <testcase classname="org.springframework.data.jpa.repository.UserRepositoryTests" name="shouldFindUsersByAgeForSpELExpression" time="0.021"/>
  <testcase classname="org.springframework.data.jpa.repository.UserRepositoryTests" name="testFindByEmailAddress" time="0.021"/>
  <testcase classname="org.springframework.data.jpa.repository.UserRepositoryTests" name="executeNativeQueryWithPageWorkaround" time="0.025"/>
  <testcase classname="org.springframework.data.jpa.repository.UserRepositoryTests" name="executesNotLikeCorrectly" time="0.019"/>
  <testcase classname="org.springframework.data.jpa.repository.UserRepositoryTests" name="executesSingleEntitySpecificationCorrectly" time="0.017"/>
  <testcase classname="org.springframework.data.jpa.repository.UserRepositoryTests" name="executesNativeQueryCorrectly" time="0.018"/>
  <testcase classname="org.springframework.data.jpa.repository.UserRepositoryTests" name="shouldFindUsersByUserFirstnameAsSpELExpressionAndLastnameAsFakeSpELExpressionInStringBasedQuery" time="0.017"/>
  <testcase classname="org.springframework.data.jpa.repository.UserRepositoryTests" name="dynamicProjectionReturningList" time="0.018"/>
  <testcase classname="org.springframework.data.jpa.repository.UserRepositoryTests" name="executesFinderWithBeforeKeywordCorrectly" time="0.02"/>
  <testcase classname="org.springframework.data.jpa.repository.UserRepositoryTests" name="executesManuallyDefinedQueryWithFieldProjection" time="0.019"/>
  <testcase classname="org.springframework.data.jpa.repository.UserRepositoryTests" name="executesFinderWithOrderClauseOnly" time="0.02"/>
  <testcase classname="org.springframework.data.jpa.repository.UserRepositoryTests" name="findAllByExampleWithAssociation" time="0.024"/>
  <testcase classname="org.springframework.data.jpa.repository.UserRepositoryTests" name="executesLikeAndOrderByCorrectly" time="0.02"/>
  <testcase classname="org.springframework.data.jpa.repository.UserRepositoryTests" name="findAllByExampleShouldNotAllowCyclesOverSeveralInstances" time="0.019"/>
  <testcase classname="org.springframework.data.jpa.repository.UserRepositoryTests" name="invokesQueryWithWrapperType" time="0.018"/>
  <testcase classname="org.springframework.data.jpa.repository.UserRepositoryTests" name="customFindByQueryWithPositionalVarargsParameters" time="0.023"/>
  <testcase classname="org.springframework.data.jpa.repository.UserRepositoryTests" name="shouldFindUserByLastnameWithSpelExpressionInStringBasedQuery" time="0.02"/>
  <testcase classname="org.springframework.data.jpa.repository.UserRepositoryTests" name="executesPagedSpecificationWithSortCorrectly2" time="0.019"/>
  <testcase classname="org.springframework.data.jpa.repository.UserRepositoryTests" name="executesMethodWithAnnotatedNamedParametersCorrectly" time="0.015"/>
  <testcase classname="org.springframework.data.jpa.repository.UserRepositoryTests" name="findAllByTypedSpecialUserExampleShouldReturnSubTypesOfRepositoryEntity" time="0.02"/>
  <testcase classname="org.springframework.data.jpa.repository.UserRepositoryTests" name="findsAllByGivenIds" time="0.022"/>
  <testcase classname="org.springframework.data.jpa.repository.UserRepositoryTests" name="pageableQueryReportsTotalFromCount" time="0.021"/>
  <testcase classname="org.springframework.data.jpa.repository.UserRepositoryTests" name="executesCombinedSpecificationsWithPageableCorrectly" time="0.02"/>
  <testcase classname="org.springframework.data.jpa.repository.UserRepositoryTests" name="shouldSupportModifyingQueryWithVarArgs" time="0.026"/>
  <testcase classname="org.springframework.data.jpa.repository.UserRepositoryTests" name="sortByEmbeddedProperty" time="0.021"/>
  <testcase classname="org.springframework.data.jpa.repository.UserRepositoryTests" name="executesSpecificationCorrectly" time="0.018"/>
  <testcase classname="org.springframework.data.jpa.repository.UserRepositoryTests" name="deleteAll" time="0.024"/>
  <testcase classname="org.springframework.data.jpa.repository.UserRepositoryTests" name="find2OldestUsers" time="0.024"/>
  <testcase classname="org.springframework.data.jpa.repository.UserRepositoryTests" name="findAllByExampleWithIncludeNull" time="0.023"/>
  <testcase classname="org.springframework.data.jpa.repository.UserRepositoryTests" name="handlesIterableOfIdsCorrectly" time="0.02"/>
  <testcase classname="org.springframework.data.jpa.repository.UserRepositoryTests" name="testMergingCascadesCollegueas" time="0.019"/>
  <testcase classname="org.springframework.data.jpa.repository.UserRepositoryTests" name="executesFindByColleaguesLastnameCorrectly" time="0.024"/>
  <testcase classname="org.springframework.data.jpa.repository.UserRepositoryTests" name="executesFinderWithContainingCorrectly" time="0.02"/>
  <testcase classname="org.springframework.data.jpa.repository.UserRepositoryTests" name="executesMethodWithNamedParametersCorrectlyOnMethodsWithQueryCreation" time="0.019"/>
  <testcase classname="org.springframework.data.jpa.repository.UserRepositoryTests" name="executesDerivedCountQueryToLong" time="0.018"/>
  <testcase classname="org.springframework.data.jpa.repository.UserRepositoryTests" name="handlesCountQueriesWithLessParametersMoreThanOne" time="0.014"/>
  <testcase classname="org.springframework.data.jpa.repository.UserRepositoryTests" name="shouldfindUsersBySpELExpressionParametersWithSpelTemplateExpression" time="0.018"/>
  <testcase classname="org.springframework.data.jpa.repository.UserRepositoryTests" name="findByEmptyCollectionOfIntegers" time="0.017"/>
  <testcase classname="org.springframework.data.jpa.repository.UserRepositoryTests" name="shouldFindUsersByFirstnameWithLeadingPageableParameter" time="0.017"/>
  <testcase classname="org.springframework.data.jpa.repository.UserRepositoryTests" name="shouldSupportJava8StreamsForRepositoryFinderMethods" time="0.017"/>
  <testcase classname="org.springframework.data.jpa.repository.UserRepositoryTests" name="returnsSamePageIfNoSpecGiven" time="0.019"/>
  <testcase classname="org.springframework.data.jpa.repository.UserRepositoryTests" name="findYoungestUser" time="0.017"/>
  <testcase classname="org.springframework.data.jpa.repository.UserRepositoryTests" name="find2YoungestUsers" time="0.018"/>
  <testcase classname="org.springframework.data.jpa.repository.UserRepositoryTests" name="findsUserByBinaryDataReference" time="0.02"/>
  <testcase classname="org.springframework.data.jpa.repository.UserRepositoryTests" name="shouldFindByFirstnameAndCurrentUserWithCustomQuery" time="0.017"/>
  <testcase classname="org.springframework.data.jpa.repository.UserRepositoryTests" name="findAllByTypedUserExampleShouldReturnSubTypesOfRepositoryEntity" time="0.017"/>
  <testcase classname="org.springframework.data.jpa.repository.UserRepositoryTests" name="executesManualQueryWithPositionLikeExpressionCorrectly" time="0.017"/>
  <testcase classname="org.springframework.data.jpa.repository.UserRepositoryTests" name="executesNativeQueryForNonEntitiesCorrectly" time="0.018"/>
  <testcase classname="org.springframework.data.jpa.repository.UserRepositoryTests" name="testInvocationOfCustomImplementation" time="0.013"/>
  <testcase classname="org.springframework.data.jpa.repository.UserRepositoryTests" name="findAllByExampleWithEndingStringMatcher" time="0.018"/>
  <testcase classname="org.springframework.data.jpa.repository.UserRepositoryTests" name="saveAndFlushShouldSupportReturningSubTypesOfRepositoryEntity" time="0.013"/>
  <testcase classname="org.springframework.data.jpa.repository.UserRepositoryTests" name="looksUpEntityReference" time="0.016"/>
  <testcase classname="org.springframework.data.jpa.repository.UserRepositoryTests" name="executesFindByNotNullLastnameCorrectly" time="0.021"/>
  <testcase classname="org.springframework.data.jpa.repository.UserRepositoryTests" name="findAllByExampleWithIgnoreCase" time="0.021"/>
  <testcase classname="org.springframework.data.jpa.repository.UserRepositoryTests" name="findPaginatedExplicitQueryWithCountQueryProjection" time="0.02"/>
  <testcase classname="org.springframework.data.jpa.repository.UserRepositoryTests" name="findsUsersBySpringDataNamedQuery" time="0.02"/>
  <testcase classname="org.springframework.data.jpa.repository.UserRepositoryTests" name="findsSortedByLastname" time="0.021"/>
  <testcase classname="org.springframework.data.jpa.repository.UserRepositoryTests" name="executesSimpleNotCorrectly" time="0.02"/>
  <testcase classname="org.springframework.data.jpa.repository.UserRepositoryTests" name="batchDeleteColletionOfEntities" time="0.025"/>
  <testcase classname="org.springframework.data.jpa.repository.UserRepositoryTests" name="find2YoungestUsersPageableWithPageSize3" time="0.021"/>
  <testcase classname="org.springframework.data.jpa.repository.UserRepositoryTests" name="handlesColonsFollowedByIntegerInStringLiteral" time="0.017"/>
  <testcase classname="org.springframework.data.jpa.repository.UserRepositoryTests" name="executesFinderWithStartingWithCorrectly" time="0.02"/>
  <testcase classname="org.springframework.data.jpa.repository.UserRepositoryTests" name="shouldFindBySpELExpressionWithoutArgumentsWithColon" time="0.019"/>
  <testcase classname="org.springframework.data.jpa.repository.UserRepositoryTests" name="returnsAllSortedCorrectly" time="0.02"/>
  <testcase classname="org.springframework.data.jpa.repository.UserRepositoryTests" name="executesFindByNullLastnameCorrectly" time="0.03"/>
  <testcase classname="org.springframework.data.jpa.repository.UserRepositoryTests" name="handlesCountQueriesWithLessParametersMoreThanOneIndexed" time="0.018"/>
  <testcase classname="org.springframework.data.jpa.repository.UserRepositoryTests" name="shouldFindUsersByFirstnameAsFakeSpELExpressionAndUserLastnameAsSpELExpressionInStringBasedQuery" time="0.023"/>
  <testcase classname="org.springframework.data.jpa.repository.UserRepositoryTests" name="handlesCountQueriesWithLessParametersSingleParam" time="0.014"/>
  <testcase classname="org.springframework.data.jpa.repository.UserRepositoryTests" name="findAllByExampleWithExcludedAttributes" time="0.02"/>
  <testcase classname="org.springframework.data.jpa.repository.UserRepositoryTests" name="testReadAll" time="0.02"/>
  <testcase classname="org.springframework.data.jpa.repository.UserRepositoryTests" name="returnsAllAsPageIfNoPageableIsGiven" time="0.02"/>
  <testcase classname="org.springframework.data.jpa.repository.UserRepositoryTests" name="deleteByShouldReturnEmptyListInCaseNoEntityHasBeenRemovedAndReturnTypeIsCollectionLike" time="0.02"/>
  <testcase classname="org.springframework.data.jpa.repository.UserRepositoryTests" name="executesQueryMethodWithDeepTraversalCorrectly" time="0.027"/>
  <testcase classname="org.springframework.data.jpa.repository.UserRepositoryTests" name="findAllByExample" time="0.02"/>
  <testcase classname="org.springframework.data.jpa.repository.UserRepositoryTests" name="findAllReturnsEmptyIterableIfNoIdsGiven" time="0.013"/>
  <testcase classname="org.springframework.data.jpa.repository.UserRepositoryTests" name="customFindByQueryWithNamedVarargsParameters" time="0.021"/>
  <testcase classname="org.springframework.data.jpa.repository.UserRepositoryTests" name="executesManipulatingQuery" time="0.022"/>
  <testcase classname="org.springframework.data.jpa.repository.UserRepositoryTests" name="queryProvidesCorrectNumberOfParametersForNativeQuery" time="0.013"/>
  <testcase classname="org.springframework.data.jpa.repository.UserRepositoryTests" name="shouldSupportJava8StreamsForRepositoryDerivedFinderMethods" time="0.02"/>
  <testcase classname="org.springframework.data.jpa.repository.UserRepositoryTests" name="findAllByExampleWithPropertySpecifier" time="0.021"/>
  <testcase classname="org.springframework.data.jpa.repository.UserRepositoryTests" name="find2YoungestUsersPageableWithPageSize3Sliced" time="0.024"/>
  <testcase classname="org.springframework.data.jpa.repository.UserRepositoryTests" name="executesDerivedExistsQuery" time="0.022"/>
  <testcase classname="org.springframework.data.jpa.repository.UserRepositoryTests" name="ordersByReferencedEntityCorrectly" time="0.023"/>
  <testcase classname="org.springframework.data.jpa.repository.UserRepositoryTests" name="supportsProjectionsWithNativeQueriesAndCamelCaseProperty" time="0.02"/>
  <testcase classname="org.springframework.data.jpa.repository.UserRepositoryTests" name="returnsSameListIfNoSpecGiven" time="0.019"/>
  <testcase classname="org.springframework.data.jpa.repository.UserRepositoryTests" name="findAllByExampleShouldNotAllowCycles" time="0.018"/>
  <testcase classname="org.springframework.data.jpa.repository.UserRepositoryTests" name="existsByExampleWithExcludedAttributes" time="0.019"/>
  <testcase classname="org.springframework.data.jpa.repository.UserRepositoryTests" name="returnsNullIfNoEntityFoundForSingleEntitySpecification" time="0.019"/>
  <testcase classname="org.springframework.data.jpa.repository.UserRepositoryTests" name="executesNegatingSpecificationCorrectly" time="0.114"/>
  <testcase classname="org.springframework.data.jpa.repository.UserRepositoryTests" name="executesGreaterThatOrEqualQueriesCorrectly" time="0.019"/>
  <testcase classname="org.springframework.data.jpa.repository.UserRepositoryTests" name="savingEmptyCollectionIsNoOp" time="0.012"/>
  <testcase classname="org.springframework.data.jpa.repository.UserRepositoryTests" name="bindsNativeQueryResultsToProjectionByName" time="0.019"/>
  <testcase classname="org.springframework.data.jpa.repository.UserRepositoryTests" name="deleteByShouldReturnNumberOfEntitiesRemovedIfReturnTypeIsLong" time="0.019"/>
  <testcase classname="org.springframework.data.jpa.repository.UserRepositoryTests" name="removeDetachedObject" time="0.021"/>
  <testcase classname="org.springframework.data.jpa.repository.UserRepositoryTests" name="testDelete" time="0.02"/>
  <testcase classname="org.springframework.data.jpa.repository.UserRepositoryTests" name="shouldFindBySpELExpressionWithoutArgumentsWithQuestionmark" time="0.019"/>
  <testcase classname="org.springframework.data.jpa.repository.UserRepositoryTests" name="savesCollectionCorrectly" time="0.014"/>
  <testcase classname="org.springframework.data.jpa.repository.UserRepositoryTests" name="sortByNestedAssociationPropertyWithSortInPageable" time="0.024"/>
  <testcase classname="org.springframework.data.jpa.repository.UserRepositoryTests" name="findAllByExampleWithRegexStringMatcher" time="0.018"/>
  <testcase classname="org.springframework.data.jpa.repository.UserRepositoryTests" name="testCountsCorrectly" time="0.014"/>
  <testcase classname="org.springframework.data.jpa.repository.UserRepositoryTests" name="shouldFindUserByFirstnameAndLastnameWithSpelExpressionInStringBasedQuery" time="0.019"/>
  <testcase classname="org.springframework.data.jpa.repository.UserRepositoryTests" name="findAllByExampleWithEmbedded" time="0.02"/>
  <testcase classname="org.springframework.data.jpa.repository.UserRepositoryTests" name="findAllByExampleWithPageable" time="0.053"/>
  <testcase classname="org.springframework.data.jpa.repository.UserRepositoryTests" name="exceptionsDuringParameterSettingGetThrown" time="0.013"/>
  <testcase classname="org.springframework.data.jpa.repository.UserRepositoryTests" name="returnsAllIgnoreCaseSortedCorrectly" time="0.019"/>
  <testcase classname="org.springframework.data.jpa.repository.UserRepositoryTests" name="shouldfindUsersByFirstnameForSpELExpressionOnlyWithParameterIndexReference" time="0.018"/>
  <testcase classname="org.springframework.data.jpa.repository.UserRepositoryTests" name="countByExampleWithExcludedAttributes" time="0.019"/>
  <testcase classname="org.springframework.data.jpa.repository.UserRepositoryTests" name="testUpdate" time="0.017"/>
  <testcase classname="org.springframework.data.jpa.repository.UserRepositoryTests" name="deleteAllInBatch" time="0.021"/>
  <testcase classname="org.springframework.data.jpa.repository.UserRepositoryTests" name="shouldfindUsersByFirstnameForSpELExpressionOnlyWithParameterNameVariableReference" time="0.018"/>
  <testcase classname="org.springframework.data.jpa.repository.UserRepositoryTests" name="deleteEmptyCollectionDoesNotDeleteAnything" time="0.018"/>
  <testcase classname="org.springframework.data.jpa.repository.UserRepositoryTests" name="returnsSameListIfNoSortIsGiven" time="0.018"/>
  <testcase classname="org.springframework.data.jpa.repository.UserRepositoryTests" name="supportsProjectionsWithNativeQueries" time="0.019"/>
  <testcase classname="org.springframework.data.jpa.repository.UserRepositoryTests" name="findByElementCollectionAttribute" time="0.026"/>
  <testcase classname="org.springframework.data.jpa.repository.UserRepositoryTests" name="testPreventsCascadingRolePersisting" time="0.015"/>
  <testcase classname="org.springframework.data.jpa.repository.UserRepositoryTests" name="findAllByExampleWithStartingStringMatcher" time="0.019"/>
  <testcase classname="org.springframework.data.jpa.repository.UserRepositoryTests" name="shouldFindUsersByUserFirstnameAsSpELExpressionAndLastnameAsStringInStringBasedQuery" time="0.022"/>
  <testcase classname="org.springframework.data.jpa.repository.UserRepositoryTests" name="testFinderInvocationWithNullParameter" time="0.021"/>
  <testcase classname="org.springframework.data.jpa.repository.UserRepositoryTests" name="findOldestUser" time="0.019"/>
  <testcase classname="org.springframework.data.jpa.repository.UserRepositoryTests" name="findPaginatedNamedQueryWithCountQueryProjection" time="0.019"/>
  <testcase classname="org.springframework.data.jpa.repository.UserRepositoryTests" name="executesFinderWithFalseKeywordCorrectly" time="0.02"/>
  <testcase classname="org.springframework.data.jpa.repository.UserRepositoryTests" name="findByEmptyCollectionOfStrings" time="0.02"/>
  <testcase classname="org.springframework.data.jpa.repository.UserRepositoryTests" name="supportsJava8StreamForPageableMethod" time="0.018"/>
</testsuite>